<?xml version="1.0" encoding="UTF-8"?>
<!-- Generated by org.testng.reporters.JUnitReportReporter -->
<testsuite skipped="0" hostname="Sharan" name="com.CreateAccount.SDP_Facebook.Signup" tests="4" failures="0" timestamp="2023-01-21T15:59:47 IST" time="27.305" errors="0">
  <testcase name="login" time="5.443" classname="com.CreateAccount.SDP_Facebook.Signup"/>
  <system-out/>
  <testcase name="screen_Shot1" time="14.676" classname="com.CreateAccount.SDP_Facebook.Signup"/>
  <system-out/>
  <testcase name="screen_Shot2" time="0.296" classname="com.CreateAccount.SDP_Facebook.Signup"/>
  <system-out/>
  <testcase name="create_Account" time="6.890" classname="com.CreateAccount.SDP_Facebook.Signup"/>
  <system-out/>
</testsuite> <!-- com.CreateAccount.SDP_Facebook.Signup -->
